#
# A fatal error has been detected by the Java Runtime Environment:
#
#  EXCEPTION_ACCESS_VIOLATION (0xc0000005) at pc=0x00007fffbdc59d94, pid=692, tid=22880
#
# JRE version: Java(TM) SE Runtime Environment (7.0_80-b15) (build 1.7.0_80-b15)
# Java VM: Java HotSpot(TM) 64-Bit Server VM (24.80-b11 mixed mode windows-amd64 compressed oops)
# Problematic frame:
# C  [ACECORE.DLL+0x179d94]
#
# Failed to write core dump. Minidumps are not enabled by default on client versions of Windows
#
# If you would like to submit a bug report, please visit:
#   http://bugreport.java.com/bugreport/crash.jsp
# The crash happened outside the Java Virtual Machine in native code.
# See problematic frame for where to report the bug.
#

---------------  T H R E A D  ---------------

Current thread (0x0000000002ed3000):  JavaThread "main" [_thread_in_native, id=22880, stack(0x0000000002d70000,0x0000000002e70000)]

siginfo: ExceptionCode=0xc0000005, reading address 0x000000000000000c

Registers:
RAX=0x0000000000000000, RBX=0x000000000f8b0dc0, RCX=0x000000000f8ae908, RDX=0x0000000002e6dee0
RSP=0x0000000002e6dea0, RBP=0x000000000f8addd0, RSI=0x0000000019ac0000, RDI=0x0000000000000000
R8 =0x000000000f8b15b0, R9 =0x0000000002e6dd40, R10=0x0000000000000001, R11=0x0000000019ac22e8
R12=0x0000000000000000, R13=0xffffffffffffffff, R14=0x0000000000000000, R15=0x0000000000000002
RIP=0x00007fffbdc59d94, EFLAGS=0x0000000000010246

Top of Stack: (sp=0x0000000002e6dea0)
0x0000000002e6dea0:   000000000f8b0dc0 000000000f8addd0
0x0000000002e6deb0:   0000000019ac0000 0000000000000000
0x0000000002e6dec0:   0000000019ac1808 0000000002e6dee0
0x0000000002e6ded0:   0000000000000000 0000000000000000
0x0000000002e6dee0:   0000000019ac1a00 0000000000000000
0x0000000002e6def0:   0000000000000000 0000000000000000
0x0000000002e6df00:   0000000000000000 0000000000000000
0x0000000002e6df10:   0000000000000000 0000000000000000
0x0000000002e6df20:   0000000000000000 0000000000000000
0x0000000002e6df30:   0000000000000000 0000000000000000
0x0000000002e6df40:   0000000000000000 0000000000000000
0x0000000002e6df50:   0000000000000000 0000000000000000
0x0000000002e6df60:   0000000000000000 0000000000000000
0x0000000002e6df70:   0000000000000000 0000000000000000
0x0000000002e6df80:   0000000002e6e008 00007fffbdc6cd6c
0x0000000002e6df90:   000000000f8addd0 0000000000000000 

Instructions: (pc=0x00007fffbdc59d94)
0x00007fffbdc59d74:   00 8a 41 08 3c 03 74 04 3c 04 75 60 48 8b 41 18
0x00007fffbdc59d84:   80 78 08 0a 75 56 40 38 78 09 75 50 48 8b 40 10
0x00007fffbdc59d94:   0f b6 50 0c 48 8b 41 10 80 78 08 0a 75 3e 40 38
0x00007fffbdc59da4:   78 09 75 38 48 8b 48 10 48 3b cf 74 04 0f b6 79 


Register to memory mapping:

RAX=0x0000000000000000 is an unknown value
RBX=0x000000000f8b0dc0 is an unknown value
RCX=0x000000000f8ae908 is an unknown value
RDX=0x0000000002e6dee0 is pointing into the stack for thread: 0x0000000002ed3000
RSP=0x0000000002e6dea0 is pointing into the stack for thread: 0x0000000002ed3000
RBP=0x000000000f8addd0 is an unknown value
RSI=0x0000000019ac0000 is an unknown value
RDI=0x0000000000000000 is an unknown value
R8 =0x000000000f8b15b0 is an unknown value
R9 =0x0000000002e6dd40 is pointing into the stack for thread: 0x0000000002ed3000
R10=0x0000000000000001 is an unknown value
R11=0x0000000019ac22e8 is an unknown value
R12=0x0000000000000000 is an unknown value
R13=0xffffffffffffffff is an unknown value
R14=0x0000000000000000 is an unknown value
R15=0x0000000000000002 is an unknown value


Stack: [0x0000000002d70000,0x0000000002e70000],  sp=0x0000000002e6dea0,  free space=1015k
Native frames: (J=compiled Java code, j=interpreted, Vv=VM code, C=native code)
C  [ACECORE.DLL+0x179d94]

Java frames: (J=compiled Java code, j=interpreted, Vv=VM code)
j  sun.jdbc.odbc.JdbcOdbc.execute(J[B)V+0
j  sun.jdbc.odbc.JdbcOdbc.SQLExecute(J)Z+46
j  sun.jdbc.odbc.JdbcOdbcPreparedStatement.execute()Z+47
j  sun.jdbc.odbc.JdbcOdbcPreparedStatement.executeQuery()Ljava/sql/ResultSet;+28
j  savingstudentsinadatabase.SQL.search_id(I)Z+31
j  savingstudentsinadatabase.SQL.Add_new_student(Lsavingstudentsinadatabase/student;)V+5
j  savingstudentsinadatabase.Text_export_and_import.import_from_text()V+343
j  savingstudentsinadatabase.SavingStudentsinaDataBase.<init>()V+19
j  savingstudentsinadatabase.SavingStudentsinaDataBase.main([Ljava/lang/String;)V+4
v  ~StubRoutines::call_stub

---------------  P R O C E S S  ---------------

Java Threads: ( => current thread )
  0x000000000cfd2800 JavaThread "TimerQueue" daemon [_thread_blocked, id=13188, stack(0x0000000019900000,0x0000000019a00000)]
  0x000000000cecd800 JavaThread "Swing-Shell" daemon [_thread_blocked, id=3780, stack(0x000000000e630000,0x000000000e730000)]
  0x000000000ce59800 JavaThread "AWT-EventQueue-0" [_thread_blocked, id=22560, stack(0x000000000e530000,0x000000000e630000)]
  0x000000000ce15000 JavaThread "Image Fetcher 0" daemon [_thread_blocked, id=19272, stack(0x000000000d550000,0x000000000d650000)]
  0x000000000cd44000 JavaThread "AWT-Windows" daemon [_thread_in_native, id=17856, stack(0x000000000d420000,0x000000000d520000)]
  0x000000000cd43800 JavaThread "AWT-Shutdown" [_thread_blocked, id=21736, stack(0x000000000d320000,0x000000000d420000)]
  0x000000000cd73800 JavaThread "Java2D Disposer" daemon [_thread_blocked, id=22644, stack(0x000000000d220000,0x000000000d320000)]
  0x000000000b362800 JavaThread "Service Thread" daemon [_thread_blocked, id=1940, stack(0x000000000cad0000,0x000000000cbd0000)]
  0x000000000b35f800 JavaThread "C2 CompilerThread1" daemon [_thread_blocked, id=22292, stack(0x000000000c9d0000,0x000000000cad0000)]
  0x000000000b35c800 JavaThread "C2 CompilerThread0" daemon [_thread_blocked, id=14036, stack(0x000000000c8d0000,0x000000000c9d0000)]
  0x000000000b35c000 JavaThread "Attach Listener" daemon [_thread_blocked, id=2380, stack(0x000000000c7d0000,0x000000000c8d0000)]
  0x000000000b359000 JavaThread "Signal Dispatcher" daemon [_thread_blocked, id=14732, stack(0x000000000c6d0000,0x000000000c7d0000)]
  0x000000000b320800 JavaThread "Finalizer" daemon [_thread_blocked, id=12812, stack(0x000000000c5d0000,0x000000000c6d0000)]
  0x000000000b317800 JavaThread "Reference Handler" daemon [_thread_blocked, id=10504, stack(0x000000000c4d0000,0x000000000c5d0000)]
=>0x0000000002ed3000 JavaThread "main" [_thread_in_native, id=22880, stack(0x0000000002d70000,0x0000000002e70000)]

Other Threads:
  0x000000000b311800 VMThread [stack: 0x000000000c3d0000,0x000000000c4d0000] [id=18308]
  0x000000000b374800 WatcherThread [stack: 0x000000000cbd0000,0x000000000ccd0000] [id=15936]

VM state:not at safepoint (normal execution)

VM Mutex/Monitor currently owned by a thread: None

Heap
 PSYoungGen      total 38400K, used 9294K [0x00000007d5c80000, 0x00000007d8700000, 0x0000000800000000)
  eden space 33280K, 27% used [0x00000007d5c80000,0x00000007d6593ae0,0x00000007d7d00000)
  from space 5120K, 0% used [0x00000007d8200000,0x00000007d8200000,0x00000007d8700000)
  to   space 5120K, 0% used [0x00000007d7d00000,0x00000007d7d00000,0x00000007d8200000)
 ParOldGen       total 86016K, used 0K [0x0000000781600000, 0x0000000786a00000, 0x00000007d5c80000)
  object space 86016K, 0% used [0x0000000781600000,0x0000000781600000,0x0000000786a00000)
 PSPermGen       total 21504K, used 12830K [0x000000077c400000, 0x000000077d900000, 0x0000000781600000)
  object space 21504K, 59% used [0x000000077c400000,0x000000077d087858,0x000000077d900000)

Card table byte_map: [0x0000000006100000,0x0000000006520000] byte_map_base: 0x000000000251e000

Polling page: 0x0000000001080000

Code Cache  [0x0000000003040000, 0x00000000032b0000, 0x0000000006040000)
 total_blobs=525 nmethods=25 adapters=452 free_code_cache=48564Kb largest_free_block=49708544

Compilation events (10 events):
Event: 0.793 Thread 0x000000000b35f800   21             java.awt.GradientPaintContext::cycleFillRaster (104 bytes)
Event: 0.798 Thread 0x000000000b35f800 nmethod 21 0x00000000030d1f90 code [0x00000000030d2100, 0x00000000030d2538]
Event: 0.798 Thread 0x000000000b35c800   22             java.lang.CharacterData::of (120 bytes)
Event: 0.799 Thread 0x000000000b35c800 nmethod 22 0x00000000030d33d0 code [0x00000000030d3520, 0x00000000030d35d8]
Event: 0.800 Thread 0x000000000b35f800   23             java.lang.CharacterDataLatin1::getProperties (11 bytes)
Event: 0.801 Thread 0x000000000b35f800 nmethod 23 0x00000000030cf190 code [0x00000000030cf2c0, 0x00000000030cf358]
Event: 3.653 Thread 0x000000000b35c800   24             java.util.HashMap::hash (55 bytes)
Event: 3.654 Thread 0x000000000b35c800 nmethod 24 0x00000000030d3090 code [0x00000000030d31e0, 0x00000000030d32f8]
Event: 3.669 Thread 0x000000000b35f800   25             java.lang.String::indexOf (166 bytes)
Event: 3.678 Thread 0x000000000b35f800 nmethod 25 0x00000000030d0c90 code [0x00000000030d0de0, 0x00000000030d1258]

GC Heap History (0 events):
No events

Deoptimization events (7 events):
Event: 0.251 Thread 0x0000000002ed3000 Uncommon trap: reason=null_check action=make_not_entrant pc=0x00000000030b1694 method=java.lang.String.equals(Ljava/lang/Object;)Z @ 8
Event: 0.556 Thread 0x0000000002ed3000 Uncommon trap: reason=unstable_if action=reinterpret pc=0x00000000030bfc60 method=sun.text.normalizer.CharTrie.unserialize(Ljava/io/InputStream;)V @ 32
Event: 0.581 Thread 0x0000000002ed3000 Uncommon trap: reason=unstable_if action=reinterpret pc=0x00000000030b8744 method=java.io.Win32FileSystem.normalize(Ljava/lang/String;)Ljava/lang/String; @ 40
Event: 0.714 Thread 0x0000000002ed3000 Uncommon trap: reason=class_check action=maybe_recompile pc=0x00000000030bb150 method=java.lang.String.equals(Ljava/lang/Object;)Z @ 8
Event: 0.725 Thread 0x0000000002ed3000 Uncommon trap: reason=class_check action=maybe_recompile pc=0x00000000030bb150 method=java.lang.String.equals(Ljava/lang/Object;)Z @ 8
Event: 0.725 Thread 0x0000000002ed3000 Uncommon trap: reason=class_check action=maybe_recompile pc=0x00000000030bb150 method=java.lang.String.equals(Ljava/lang/Object;)Z @ 8
Event: 0.725 Thread 0x0000000002ed3000 Uncommon trap: reason=class_check action=maybe_recompile pc=0x00000000030bb150 method=java.lang.String.equals(Ljava/lang/Object;)Z @ 8

Internal exceptions (10 events):
Event: 0.066 Thread 0x0000000002ed3000 Threw 0x00000007d5cd9540 at C:\re\jdk7u80\2329\hotspot\src\share\vm\prims\jvm.cpp:1319
Event: 0.080 Thread 0x0000000002ed3000 Threw 0x00000007d5ce3bb0 at C:\re\jdk7u80\2329\hotspot\src\share\vm\prims\jni.cpp:717
Event: 0.130 Thread 0x0000000002ed3000 Threw 0x00000007d5e84048 at C:\re\jdk7u80\2329\hotspot\src\share\vm\prims\jni.cpp:717
Event: 0.251 Thread 0x0000000002ed3000 Implicit null exception at 0x00000000030b149b to 0x00000000030b1685
Event: 0.577 Thread 0x0000000002ed3000 Threw 0x00000007d621cb10 at C:\re\jdk7u80\2329\hotspot\src\share\vm\prims\jvm.cpp:1319
Event: 0.581 Thread 0x0000000002ed3000 Threw 0x00000007d622b180 at C:\re\jdk7u80\2329\hotspot\src\share\vm\prims\jvm.cpp:1319
Event: 0.581 Thread 0x0000000002ed3000 Threw 0x00000007d622b2a8 at C:\re\jdk7u80\2329\hotspot\src\share\vm\prims\jvm.cpp:1319
Event: 0.582 Thread 0x0000000002ed3000 Threw 0x00000007d622f2f8 at C:\re\jdk7u80\2329\hotspot\src\share\vm\prims\jvm.cpp:1319
Event: 0.582 Thread 0x0000000002ed3000 Threw 0x00000007d622f420 at C:\re\jdk7u80\2329\hotspot\src\share\vm\prims\jvm.cpp:1319
Event: 3.676 Thread 0x0000000002ed3000 Threw 0x00000007d6383800 at C:\re\jdk7u80\2329\hotspot\src\share\vm\prims\jvm.cpp:1319

Events (10 events):
Event: 3.677 loading class 0x000000000ce115e0
Event: 3.677 loading class 0x000000000ce115e0 done
Event: 3.677 loading class 0x000000000cf73e20 done
Event: 3.677 loading class 0x000000000ce11c40
Event: 3.678 loading class 0x000000000ce11c40 done
Event: 3.678 loading class 0x000000000ce11c00 done
Event: 3.678 loading class 0x000000000cefa500
Event: 3.678 loading class 0x000000000cefa500 done
Event: 3.678 loading class 0x000000000cefa4c0
Event: 3.678 loading class 0x000000000cefa4c0 done


Dynamic libraries:
0x00007ff783670000 - 0x00007ff7836a3000 	C:\Program Files\Java\jdk1.7.0_80\bin\java.exe
0x00007ff8020f0000 - 0x00007ff8022e8000 	C:\Windows\SYSTEM32\ntdll.dll
0x00007ff800a60000 - 0x00007ff800b22000 	C:\Windows\System32\KERNEL32.DLL
0x00007fffff970000 - 0x00007fffffc66000 	C:\Windows\System32\KERNELBASE.dll
0x00007ff801e60000 - 0x00007ff801f11000 	C:\Windows\System32\ADVAPI32.dll
0x00007ff801ca0000 - 0x00007ff801d3e000 	C:\Windows\System32\msvcrt.dll
0x00007ff8011e0000 - 0x00007ff80127f000 	C:\Windows\System32\sechost.dll
0x00007ff8001d0000 - 0x00007ff8002f0000 	C:\Windows\System32\RPCRT4.dll
0x00007ff800040000 - 0x00007ff800067000 	C:\Windows\System32\bcrypt.dll
0x00007ff801af0000 - 0x00007ff801c91000 	C:\Windows\System32\USER32.dll
0x00007ff800010000 - 0x00007ff800032000 	C:\Windows\System32\win32u.dll
0x00007ff800110000 - 0x00007ff80013b000 	C:\Windows\System32\GDI32.dll
0x00007fffffed0000 - 0x00007ffffffe9000 	C:\Windows\System32\gdi32full.dll
0x00007ff800070000 - 0x00007ff80010d000 	C:\Windows\System32\msvcp_win.dll
0x00007fffff870000 - 0x00007fffff970000 	C:\Windows\System32\ucrtbase.dll
0x00007ffff48f0000 - 0x00007ffff4b8b000 	C:\Windows\WinSxS\amd64_microsoft.windows.common-controls_6595b64144ccf1df_6.0.19041.6456_none_60b8a6cb71f64256\COMCTL32.dll
0x00007ff8018a0000 - 0x00007ff8018cf000 	C:\Windows\System32\IMM32.DLL
0x0000000077d40000 - 0x0000000077e12000 	C:\Program Files\Java\jdk1.7.0_80\jre\bin\msvcr100.dll
0x0000000074d20000 - 0x00000000754f9000 	C:\Program Files\Java\jdk1.7.0_80\jre\bin\server\jvm.dll
0x00007ff801ae0000 - 0x00007ff801ae8000 	C:\Windows\System32\PSAPI.DLL
0x00007ffff6c60000 - 0x00007ffff6c87000 	C:\Windows\SYSTEM32\WINMM.dll
0x00007fffd27b0000 - 0x00007fffd27b9000 	C:\Windows\SYSTEM32\WSOCK32.dll
0x00007ff801700000 - 0x00007ff80176b000 	C:\Windows\System32\WS2_32.dll
0x0000000077d30000 - 0x0000000077d3f000 	C:\Program Files\Java\jdk1.7.0_80\jre\bin\verify.dll
0x0000000077d00000 - 0x0000000077d28000 	C:\Program Files\Java\jdk1.7.0_80\jre\bin\java.dll
0x0000000077ce0000 - 0x0000000077cf6000 	C:\Program Files\Java\jdk1.7.0_80\jre\bin\zip.dll
0x0000000077b40000 - 0x0000000077cd5000 	C:\Program Files\Java\jdk1.7.0_80\jre\bin\awt.dll
0x00007ff800fa0000 - 0x00007ff80106d000 	C:\Windows\System32\OLEAUT32.dll
0x00007ff8013a0000 - 0x00007ff8016f4000 	C:\Windows\System32\combase.dll
0x00007ffffcca0000 - 0x00007ffffcd34000 	C:\Windows\SYSTEM32\apphelp.dll
0x00007ffffd0b0000 - 0x00007ffffd14e000 	C:\Windows\system32\uxtheme.dll
0x00007ff801280000 - 0x00007ff801395000 	C:\Windows\System32\MSCTF.dll
0x00007ff801770000 - 0x00007ff80189b000 	C:\Windows\System32\ole32.dll
0x00007ffffd5e0000 - 0x00007ffffd5f2000 	C:\Windows\SYSTEM32\kernel.appcore.dll
0x00007fffff7e0000 - 0x00007fffff862000 	C:\Windows\System32\bcryptPrimitives.dll
0x00007ff8002f0000 - 0x00007ff800a60000 	C:\Windows\System32\SHELL32.dll
0x00007ff801150000 - 0x00007ff8011ab000 	C:\Windows\System32\SHLWAPI.dll
0x00007ff802000000 - 0x00007ff8020ad000 	C:\Windows\System32\shcore.dll
0x00007ffffd2e0000 - 0x00007ffffd30e000 	C:\Windows\system32\DWMAPI.DLL
0x00007ffff4510000 - 0x00007ffff45c0000 	C:\Windows\WinSxS\amd64_microsoft.windows.common-controls_6595b64144ccf1df_5.82.19041.6280_none_792d7c952443c49a\comctl32.dll
0x00007ffffd7e0000 - 0x00007ffffdf85000 	C:\Windows\SYSTEM32\windows.storage.dll
0x00007fffff1a0000 - 0x00007fffff1cb000 	C:\Windows\SYSTEM32\Wldp.dll
0x0000000077af0000 - 0x0000000077b37000 	C:\Program Files\Java\jdk1.7.0_80\jre\bin\fontmanager.dll
0x0000000077ad0000 - 0x0000000077aea000 	C:\Program Files\Java\jdk1.7.0_80\jre\bin\net.dll
0x00007ffffef00000 - 0x00007ffffef6a000 	C:\Windows\system32\mswsock.dll
0x0000000077ab0000 - 0x0000000077ac1000 	C:\Program Files\Java\jdk1.7.0_80\jre\bin\nio.dll
0x0000000077a60000 - 0x0000000077aa1000 	C:\Program Files\Java\jdk1.7.0_80\jre\bin\t2k.dll
0x00007ff801d50000 - 0x00007ff801df9000 	C:\Windows\System32\clbcatq.dll
0x00007ffffae00000 - 0x00007ffffaef4000 	C:\Windows\SYSTEM32\PROPSYS.dll
0x00007fffff6a0000 - 0x00007fffff6c4000 	C:\Windows\SYSTEM32\profapi.dll
0x00007ffff34f0000 - 0x00007ffff3507000 	C:\Windows\system32\NetworkExplorer.dll
0x00007fffffdd0000 - 0x00007fffffe1e000 	C:\Windows\System32\CFGMGR32.dll
0x00007ffff3ac0000 - 0x00007ffff3add000 	C:\Windows\SYSTEM32\MPR.dll
0x00007ffff0330000 - 0x00007ffff033b000 	C:\Windows\System32\drprov.dll
0x00007ffffe420000 - 0x00007ffffe483000 	C:\Windows\System32\WINSTA.dll
0x00007ffff0010000 - 0x00007ffff002f000 	C:\Windows\System32\ntlanman.dll
0x00007fffedec0000 - 0x00007fffedede000 	C:\Windows\System32\davclnt.dll
0x00007ffff0320000 - 0x00007ffff032d000 	C:\Windows\System32\DAVHLPR.dll
0x00007ffffe8d0000 - 0x00007ffffe8e9000 	C:\Windows\System32\wkscli.dll
0x00007fffb6680000 - 0x00007fffb6692000 	C:\Windows\SYSTEM32\cscapi.dll
0x00007ffffebd0000 - 0x00007ffffebdc000 	C:\Windows\System32\netutils.dll
0x00007fffd9b10000 - 0x00007fffd9b66000 	C:\Windows\System32\dlnashext.dll
0x00007fffe5470000 - 0x00007fffe54d4000 	C:\Windows\System32\PlayToDevice.dll
0x00007fffe4820000 - 0x00007fffe4840000 	C:\Windows\System32\DevDispItemProvider.dll
0x00007ffff53a0000 - 0x00007ffff5425000 	C:\Windows\System32\MMDevApi.dll
0x00007fffff500000 - 0x00007fffff533000 	C:\Windows\System32\DEVOBJ.dll
0x00007fffe53c0000 - 0x00007fffe5461000 	C:\Windows\system32\wpdshext.dll
0x00007ffff4b90000 - 0x00007ffff4d38000 	C:\Windows\WinSxS\amd64_microsoft.windows.gdiplus_6595b64144ccf1df_1.1.19041.6456_none_91a399b0cc88bc24\gdiplus.dll
0x00007fffd1290000 - 0x00007fffd1333000 	C:\Windows\System32\PortableDeviceApi.dll
0x00007ff800b30000 - 0x00007ff800fa0000 	C:\Windows\System32\SETUPAPI.dll
0x00007fffff760000 - 0x00007fffff7d3000 	C:\Windows\System32\WINTRUST.dll
0x00007fffffc70000 - 0x00007fffffdcd000 	C:\Windows\System32\CRYPT32.dll
0x00007fffff330000 - 0x00007fffff342000 	C:\Windows\System32\MSASN1.dll
0x00007fffda3d0000 - 0x00007fffda407000 	C:\Windows\System32\EhStorShell.dll
0x00007fffef810000 - 0x00007fffef836000 	C:\Windows\System32\EhStorAPI.dll
0x00007ffffaf70000 - 0x00007ffffaf84000 	C:\Windows\System32\WTSAPI32.dll
0x00007ffff2a90000 - 0x00007ffff2a9d000 	C:\Windows\SYSTEM32\LINKINFO.dll
0x0000000077a40000 - 0x0000000077a53000 	C:\Program Files\Java\jdk1.7.0_80\jre\bin\JdbcOdbc.dll
0x00007fffe09f0000 - 0x00007fffe0ab2000 	C:\Windows\SYSTEM32\ODBC32.dll
0x00007fffff560000 - 0x00007fffff56a000 	C:\Windows\SYSTEM32\DPAPI.DLL
0x00007fffe5360000 - 0x00007fffe53b7000 	C:\PROGRA~1\COMMON~1\MICROS~1\OFFICE14\ACEODBC.DLL
0x00007ff801f20000 - 0x00007ff801ffa000 	C:\Windows\System32\COMDLG32.dll
0x0000000077800000 - 0x00000000778a3000 	C:\Windows\WinSxS\amd64_microsoft.vc90.crt_1fc8b3b9a1e18e3b_9.0.30729.9625_none_08e1c10da83fbc83\MSVCR90.dll
0x00007fff83500000 - 0x00007fff84c2b000 	C:\Program Files\Common Files\Microsoft Shared\office14\mso.dll
0x00007fffb17a0000 - 0x00007fffb1add000 	C:\Windows\SYSTEM32\msi.dll
0x00007fffd38e0000 - 0x00007fffd390c000 	C:\Windows\SYSTEM32\srpapi.dll
0x000000000f3f0000 - 0x000000000f80a000 	C:\Program Files\Common Files\Microsoft Shared\office14\Cultures\office.odf
0x00007ffffa860000 - 0x00007ffffa870000 	C:\Program Files\Common Files\Microsoft Shared\OFFICE14\1033\ACEODBCI.DLL
0x00007ffff4d40000 - 0x00007ffff4d4d000 	C:\Program Files\Common Files\Microsoft Shared\OFFICE14\ACEERR.DLL
0x00007fffbdae0000 - 0x00007fffbddd6000 	C:\Program Files\Common Files\Microsoft Shared\OFFICE14\ACECORE.DLL
0x0000000077720000 - 0x00000000777f3000 	C:\Windows\WinSxS\amd64_microsoft.vc90.crt_1fc8b3b9a1e18e3b_9.0.30729.9625_none_08e1c10da83fbc83\MSVCP90.dll
0x00007fffd5730000 - 0x00007fffd5805000 	C:\Program Files\Common Files\Microsoft Shared\OFFICE14\1033\ACEWSTR.DLL
0x00007fffff620000 - 0x00007fffff652000 	C:\Windows\SYSTEM32\SspiCli.dll
0x000000000fa80000 - 0x0000000013fab000 	C:\Program Files\Common Files\Microsoft Shared\office14\MSORES.DLL
0x0000000013fb0000 - 0x000000001421a000 	C:\Program Files\Common Files\Microsoft Shared\office14\1033\MSOINTL.DLL
0x00007ffffce70000 - 0x00007ffffd026000 	C:\Windows\SYSTEM32\WindowsCodecs.dll
0x00007fffe4400000 - 0x00007fffe443e000 	C:\Windows\system32\dataexchange.dll
0x00007ffffbcb0000 - 0x00007ffffbf14000 	C:\Windows\system32\d3d11.dll
0x00007ffffc070000 - 0x00007ffffc254000 	C:\Windows\system32\dcomp.dll
0x00007ffffdfe0000 - 0x00007ffffe0d6000 	C:\Windows\system32\dxgi.dll
0x00007ffff9dc0000 - 0x00007ffff9fc3000 	C:\Windows\system32\twinapi.appcore.dll
0x00007fffef840000 - 0x00007fffef939000 	C:\Windows\SYSTEM32\textinputframework.dll
0x00007ffffc5e0000 - 0x00007ffffc93b000 	C:\Windows\System32\CoreUIComponents.dll
0x00007ffffc940000 - 0x00007ffffca32000 	C:\Windows\System32\CoreMessaging.dll
0x00007ffffea00000 - 0x00007ffffea33000 	C:\Windows\SYSTEM32\ntmarta.dll
0x00007ffffb590000 - 0x00007ffffb6e7000 	C:\Windows\SYSTEM32\wintypes.dll
0x00007fffcc2f0000 - 0x00007fffcc3e6000 	C:\Program Files\Common Files\Microsoft Shared\office14\ACEES.DLL
0x00007ffff9db0000 - 0x00007ffff9dba000 	C:\Windows\SYSTEM32\VERSION.dll
0x00007ffff0550000 - 0x00007ffff0560000 	C:\Program Files\Common Files\Microsoft Shared\OFFICE14\VBAJET32.DLL
0x00007fffda1c0000 - 0x00007fffda241000 	C:\Program Files\Common Files\Microsoft Shared\OFFICE14\expsrv.dll
0x00007ffff6300000 - 0x00007ffff6501000 	C:\Windows\SYSTEM32\dbghelp.dll

VM Arguments:
jvm_args: -Dfile.encoding=UTF-8 
java_command: savingstudentsinadatabase.SavingStudentsinaDataBase
Launcher Type: SUN_STANDARD

Environment Variables:
PATH=C:\Program Files\Common Files\Oracle\Java\javapath;C:\Program Files (x86)\Common Files\Oracle\Java\javapath;C:\Windows\system32;C:\Windows;C:\Windows\System32\Wbem;C:\Windows\System32\WindowsPowerShell\v1.0\;C:\Windows\System32\OpenSSH\;C:\Program Files\NVIDIA Corporation\NVIDIA app\NvDLISR;C:\Program Files (x86)\NVIDIA Corporation\PhysX\Common;C:\Program Files (x86)\Windows Kits\10\Windows Performance Toolkit\;C:\Program Files\dotnet\;C:\Program Files\GitHub CLI\;C:\Users\abdsa\Desktop\ffmpeg-8.0-full_build\ffmpeg-8.0-full_build\bin;C:\Program Files\Git\cmd;C:\Users\abdsa\AppData\Local\Programs\Python\Launcher\;C:\Users\abdsa\AppData\Local\Programs\Microsoft VS Code\bin;C:\Program Files\JetBrains\IntelliJ IDEA 2024.3.2.2\bin;C:\Program Files\JetBrains\IntelliJ IDEA Community Edition 2024.3.3\bin;C:\Users\abdsa\AppData\Local\Programs\Python\Python313\Scripts;C:\Users\abdsa\Downloads\ffmpeg\bin;C:\ProgramData\abdsa\GitHubDesktop\bin;C:\Users\abdsa\AppData\Local\GitHubDesktop\bin;C:\Users\abdsa\AppData\Local\Programs\Python\Python313;D:\flutter\flutter\bin;D:\Android\cmdline-tools\latest\bin;D:\Android\platform-tools;;D:\Android\cmdline-tools\latest\bin;D:\Android\platform-tools;C:\Users\styde\AppData\Local\Programs\Python\Launcher\;C:\Users\styde\AppData\Local\Microsoft\WindowsApps;C:\Users\styde\AppData\Local\Programs\Microsoft VS Code\bin
USERNAME=styde
OS=Windows_NT
PROCESSOR_IDENTIFIER=Intel64 Family 6 Model 94 Stepping 3, GenuineIntel



---------------  S Y S T E M  ---------------

OS: Windows 8.1 , 64 bit Build 9600 

CPU:total 4 (4 cores per cpu, 1 threads per core) family 6 model 94 stepping 3, cmov, cx8, fxsr, mmx, sse, sse2, sse3, ssse3, sse4.1, sse4.2, popcnt, avx, avx2, aes, erms, tsc, tscinvbit

Memory: 4k page, physical 8293172k(2388116k free), swap 14584628k(5494568k free)

vm_info: Java HotSpot(TM) 64-Bit Server VM (24.80-b11) for windows-amd64 JRE (1.7.0_80-b15), built on Apr 10 2015 11:26:34 by "java_re" with unknown MS VC++:1600

time: Sun Nov 30 20:45:46 2025
elapsed time: 3 seconds

